Test write from test_write.php OK at 2025-07-02 10:12:57
[2025-07-02 10:21:35] INSECURE Webhook Received: 
[2025-07-02 10:21:35] Webhook Error: Invalid data structure.
Test write from test_write.php OK at 2025-07-02 10:53:01
[2025-07-02 11:02:56] INSECURE Webhook Received: {"gateway":"MBBank","transactionDate":"2025-07-02 15:52:00","accountNumber":"0375227764","subAccount":null,"code":"DH102","content":"DH102 FT25183502456710   Ma giao dich  Trace892046 Trace 892046","transferType":"in","description":"BankAPINotify DH102 FT25183502456710   Ma giao dich  Trace892046 Trace 892046","transferAmount":2000,"referenceCode":"FT25183000521350","accumulated":0,"id":16563315}
[2025-07-02 11:04:01] INSECURE Webhook Received: {"gateway":"MBBank","transactionDate":"2025-07-02 15:52:00","accountNumber":"0375227764","subAccount":null,"code":"DH102","content":"DH102 FT25183502456710   Ma giao dich  Trace892046 Trace 892046","transferType":"in","description":"BankAPINotify DH102 FT25183502456710   Ma giao dich  Trace892046 Trace 892046","transferAmount":2000,"referenceCode":"FT25183000521350","accumulated":0,"id":16563315}
[2025-07-02 11:19:41] INSECURE Webhook Received: {"gateway":"MBBank","transactionDate":"2025-07-02 15:52:00","accountNumber":"0375227764","subAccount":null,"code":"DH102","content":"DH102 FT25183502456710   Ma giao dich  Trace892046 Trace 892046","transferType":"in","description":"BankAPINotify DH102 FT25183502456710   Ma giao dich  Trace892046 Trace 892046","transferAmount":2000,"referenceCode":"FT25183000521350","accumulated":0,"id":16563315}
[2025-07-02 11:19:41] DATABASE ERROR: SQLSTATE[42S02]: Base table or view not found: 1146 Table 'tour_booking_db.sepay_transactions' doesn't exist
[2025-07-02 11:24:02] INSECURE Webhook Received: {"gateway":"MBBank","transactionDate":"2025-07-02 15:52:00","accountNumber":"0375227764","subAccount":null,"code":"DH102","content":"DH102 FT25183502456710   Ma giao dich  Trace892046 Trace 892046","transferType":"in","description":"BankAPINotify DH102 FT25183502456710   Ma giao dich  Trace892046 Trace 892046","transferAmount":2000,"referenceCode":"FT25183000521350","accumulated":0,"id":16563315}
[2025-07-02 11:24:02] Found Booking ID: 102
[2025-07-02 11:24:02] DB Check for Booking 102: Found: Yes. Amount received: 2000
[2025-07-02 11:24:02] DATABASE ERROR: SQLSTATE[42S22]: Column not found: 1054 Unknown column 'paid_at' in 'field list'
[2025-07-02 11:26:48] INSECURE Webhook Received: {"gateway":"MBBank","transactionDate":"2025-07-02 15:52:00","accountNumber":"0375227764","subAccount":null,"code":"DH102","content":"DH102 FT25183502456710   Ma giao dich  Trace892046 Trace 892046","transferType":"in","description":"BankAPINotify DH102 FT25183502456710   Ma giao dich  Trace892046 Trace 892046","transferAmount":2000,"referenceCode":"FT25183000521350","accumulated":0,"id":16563315}
[2025-07-02 11:26:48] DATABASE ERROR: SQLSTATE[42S02]: Base table or view not found: 1146 Table 'tour_booking_db.tb_transition' doesn't exist
[2025-07-02 11:30:10] INSECURE Webhook Received: {"gateway":"MBBank","transactionDate":"2025-07-02 15:52:00","accountNumber":"0375227764","subAccount":null,"code":"DH102","content":"DH102 FT25183502456710   Ma giao dich  Trace892046 Trace 892046","transferType":"in","description":"BankAPINotify DH102 FT25183502456710   Ma giao dich  Trace892046 Trace 892046","transferAmount":2000,"referenceCode":"FT25183000521350","accumulated":0,"id":16563315}
[2025-07-02 11:30:10] Found Booking ID: 102
[2025-07-02 11:30:10] DB Check for Booking 102: Found: Yes. Amount received: 2000
[2025-07-02 11:30:10] DATABASE ERROR: SQLSTATE[42S22]: Column not found: 1054 Unknown column 'payment_method' in 'field list'
[2025-07-02 11:30:48] INSECURE Webhook Received: {"gateway":"MBBank","transactionDate":"2025-07-02 15:52:00","accountNumber":"0375227764","subAccount":null,"code":"DH102","content":"DH102 FT25183502456710   Ma giao dich  Trace892046 Trace 892046","transferType":"in","description":"BankAPINotify DH102 FT25183502456710   Ma giao dich  Trace892046 Trace 892046","transferAmount":2000,"referenceCode":"FT25183000521350","accumulated":0,"id":16563315}
[2025-07-02 11:30:48] Found Booking ID: 102
[2025-07-02 11:30:48] DB Check for Booking 102: Found: Yes. Amount received: 2000
[2025-07-02 11:30:48] DATABASE ERROR: SQLSTATE[42S22]: Column not found: 1054 Unknown column 'payment_method' in 'field list'
[2025-07-02 11:33:50] INSECURE Webhook Received: {"gateway":"MBBank","transactionDate":"2025-07-02 15:52:00","accountNumber":"0375227764","subAccount":null,"code":"DH102","content":"DH102 FT25183502456710   Ma giao dich  Trace892046 Trace 892046","transferType":"in","description":"BankAPINotify DH102 FT25183502456710   Ma giao dich  Trace892046 Trace 892046","transferAmount":2000,"referenceCode":"FT25183000521350","accumulated":0,"id":16563315}
[2025-07-02 11:33:50] Found Booking ID: 102
[2025-07-02 11:33:50] DB Check for Booking 102: Found: Yes. Amount received: 2000
[2025-07-02 11:33:50] DATABASE ERROR: SQLSTATE[42S22]: Column not found: 1054 Unknown column 'payment_method' in 'field list'
[2025-07-02 11:33:57] INSECURE Webhook Received: {"gateway":"MBBank","transactionDate":"2025-07-02 15:52:00","accountNumber":"0375227764","subAccount":null,"code":"DH102","content":"DH102 FT25183502456710   Ma giao dich  Trace892046 Trace 892046","transferType":"in","description":"BankAPINotify DH102 FT25183502456710   Ma giao dich  Trace892046 Trace 892046","transferAmount":2000,"referenceCode":"FT25183000521350","accumulated":0,"id":16563315}
[2025-07-02 11:33:57] Found Booking ID: 102
[2025-07-02 11:33:57] DB Check for Booking 102: Found: Yes. Amount received: 2000
[2025-07-02 11:33:57] DATABASE ERROR: SQLSTATE[42S22]: Column not found: 1054 Unknown column 'payment_method' in 'field list'
[2025-07-02 11:34:01] INSECURE Webhook Received: {"gateway":"MBBank","transactionDate":"2025-07-02 15:52:00","accountNumber":"0375227764","subAccount":null,"code":"DH102","content":"DH102 FT25183502456710   Ma giao dich  Trace892046 Trace 892046","transferType":"in","description":"BankAPINotify DH102 FT25183502456710   Ma giao dich  Trace892046 Trace 892046","transferAmount":2000,"referenceCode":"FT25183000521350","accumulated":0,"id":16563315}
[2025-07-02 11:34:01] Found Booking ID: 102
[2025-07-02 11:34:01] DB Check for Booking 102: Found: Yes. Amount received: 2000
[2025-07-02 11:34:01] DATABASE ERROR: SQLSTATE[42S22]: Column not found: 1054 Unknown column 'payment_method' in 'field list'
[2025-07-02 11:35:48] INSECURE Webhook Received: {"gateway":"MBBank","transactionDate":"2025-07-02 15:52:00","accountNumber":"0375227764","subAccount":null,"code":"DH102","content":"DH102 FT25183502456710   Ma giao dich  Trace892046 Trace 892046","transferType":"in","description":"BankAPINotify DH102 FT25183502456710   Ma giao dich  Trace892046 Trace 892046","transferAmount":2000,"referenceCode":"FT25183000521350","accumulated":0,"id":16563315}
[2025-07-02 11:35:48] Found Booking ID: 102
[2025-07-02 11:35:48] DB Check for Booking 102: Found: Yes. Amount received: 2000
[2025-07-02 11:35:48] SUCCESS: Booking ID 102 updated to confirmed.
[2025-07-04 05:03:23] INSECURE Webhook Received: {"gateway":"MBBank","transactionDate":"2025-07-04 10:03:00","accountNumber":"0375227764","subAccount":null,"code":"DH106","content":"DH106 FT25185951120749   Ma giao dich  Trace476873 Trace 476873","transferType":"in","description":"BankAPINotify DH106 FT25185951120749   Ma giao dich  Trace476873 Trace 476873","transferAmount":2000,"referenceCode":"FT25185492336800","accumulated":0,"id":16730423}
[2025-07-04 05:03:23] Found Booking ID: 106
[2025-07-04 05:03:23] DB Check for Booking 106: Found: Yes. Amount received: 2000
[2025-07-04 05:03:23] SUCCESS: Booking ID 106 updated to confirmed.
[2025-07-04 05:48:14] INSECURE Webhook Received: {"gateway":"MBBank","transactionDate":"2025-07-04 10:48:00","accountNumber":"0375227764","subAccount":null,"code":"DH107","content":"DH107 FT25185063170441   Ma giao dich  Trace720070 Trace 720070","transferType":"in","description":"BankAPINotify DH107 FT25185063170441   Ma giao dich  Trace720070 Trace 720070","transferAmount":2000,"referenceCode":"FT25185084204265","accumulated":0,"id":16733683}
[2025-07-04 05:48:14] Found Booking ID: 107
[2025-07-04 05:48:14] DB Check for Booking 107: Found: Yes. Amount received: 2000
[2025-07-04 05:48:14] SUCCESS: Booking ID 107 updated to confirmed.
[2025-07-07 13:58:22] INSECURE Webhook Received: {"gateway":"MBBank","transactionDate":"2025-07-07 18:58:00","accountNumber":"0375227764","subAccount":null,"code":"DH113","content":"DH113 FT25188456369393   Ma giao dich  Trace778228 Trace 778228","transferType":"in","description":"BankAPINotify DH113 FT25188456369393   Ma giao dich  Trace778228 Trace 778228","transferAmount":2000,"referenceCode":"FT25188013265907","accumulated":0,"id":17039284}
[2025-07-07 13:58:22] Found Booking ID: 113
[2025-07-07 13:58:22] DB Check for Booking 113: Found: Yes. Amount received: 2000
[2025-07-07 13:58:22] SUCCESS: Booking ID 113 updated to confirmed.
[2025-07-10 16:00:05] INSECURE Webhook Received: {"gateway":"MBBank","transactionDate":"2025-07-10 21:00:00","accountNumber":"0375227764","subAccount":null,"code":"DH119","content":"DH119 FT25191310687316   Ma giao dich  Trace497669 Trace 497669","transferType":"in","description":"BankAPINotify DH119 FT25191310687316   Ma giao dich  Trace497669 Trace 497669","transferAmount":2000,"referenceCode":"FT25191901795030","accumulated":0,"id":17322561}
[2025-07-10 16:00:05] Found Booking ID: 119
[2025-07-10 16:00:05] DB Check for Booking 119: Found: Yes. Amount received: 2000
[2025-07-10 16:00:05] SUCCESS: Booking ID 119 updated to confirmed.
