Timestamp: 2025-07-02 10:20:11 | Method: [POST] | Request URI: [/payment/check_status] | Calculated Path: [/payment/check_status]
Timestamp: 2025-07-02 10:20:11 | Method: [POST] | Request URI: [/payment/check_status] | Calculated Path: [/payment/check_status]
Timestamp: 2025-07-02 10:21:11 | Method: [POST] | Request URI: [/payment/check_status] | Calculated Path: [/payment/check_status]
Timestamp: 2025-07-02 10:21:11 | Method: [POST] | Request URI: [/payment/check_status] | Calculated Path: [/payment/check_status]
Timestamp: 2025-07-02 10:21:24 | Method: [POST] | Request URI: [/payment/check_status] | Calculated Path: [/payment/check_status]
Timestamp: 2025-07-02 10:21:25 | Method: [POST] | Request URI: [/payment/check_status] | Calculated Path: [/payment/check_status]
Timestamp: 2025-07-02 10:21:28 | Method: [POST] | Request URI: [/payment/check_status] | Calculated Path: [/payment/check_status]
Timestamp: 2025-07-02 10:21:32 | Method: [POST] | Request URI: [/payment/check_status] | Calculated Path: [/payment/check_status]
Timestamp: 2025-07-02 10:21:35 | Method: [POST] | Request URI: [/payment/check_status] | Calculated Path: [/payment/check_status]
Timestamp: 2025-07-02 10:21:35 | Method: [GET] | Request URI: [/payment/webhook] | Calculated Path: [/payment/webhook]
Timestamp: 2025-07-02 10:21:38 | Method: [POST] | Request URI: [/payment/check_status] | Calculated Path: [/payment/check_status]
Timestamp: 2025-07-02 10:21:41 | Method: [POST] | Request URI: [/payment/check_status] | Calculated Path: [/payment/check_status]
Timestamp: 2025-07-02 10:21:44 | Method: [POST] | Request URI: [/payment/check_status] | Calculated Path: [/payment/check_status]
Timestamp: 2025-07-02 10:21:47 | Method: [POST] | Request URI: [/payment/check_status] | Calculated Path: [/payment/check_status]
Timestamp: 2025-07-02 10:21:50 | Method: [POST] | Request URI: [/payment/check_status] | Calculated Path: [/payment/check_status]
Timestamp: 2025-07-02 10:21:53 | Method: [POST] | Request URI: [/payment/check_status] | Calculated Path: [/payment/check_status]
Timestamp: 2025-07-02 10:21:56 | Method: [POST] | Request URI: [/payment/check_status] | Calculated Path: [/payment/check_status]
Timestamp: 2025-07-02 10:21:59 | Method: [POST] | Request URI: [/payment/check_status] | Calculated Path: [/payment/check_status]
Timestamp: 2025-07-02 10:22:02 | Method: [POST] | Request URI: [/payment/check_status] | Calculated Path: [/payment/check_status]
Timestamp: 2025-07-02 10:22:05 | Method: [POST] | Request URI: [/payment/check_status] | Calculated Path: [/payment/check_status]
Timestamp: 2025-07-02 10:22:08 | Method: [POST] | Request URI: [/payment/check_status] | Calculated Path: [/payment/check_status]
Timestamp: 2025-07-02 10:22:11 | Method: [POST] | Request URI: [/payment/check_status] | Calculated Path: [/payment/check_status]
Timestamp: 2025-07-02 10:22:11 | Method: [POST] | Request URI: [/payment/check_status] | Calculated Path: [/payment/check_status]
Timestamp: 2025-07-02 10:22:14 | Method: [POST] | Request URI: [/payment/check_status] | Calculated Path: [/payment/check_status]
Timestamp: 2025-07-02 10:22:17 | Method: [POST] | Request URI: [/payment/check_status] | Calculated Path: [/payment/check_status]
Timestamp: 2025-07-02 10:22:20 | Method: [POST] | Request URI: [/payment/check_status] | Calculated Path: [/payment/check_status]
Timestamp: 2025-07-02 10:22:23 | Method: [POST] | Request URI: [/payment/check_status] | Calculated Path: [/payment/check_status]
Timestamp: 2025-07-02 10:22:26 | Method: [POST] | Request URI: [/payment/check_status] | Calculated Path: [/payment/check_status]
Timestamp: 2025-07-02 10:22:29 | Method: [POST] | Request URI: [/payment/check_status] | Calculated Path: [/payment/check_status]
Timestamp: 2025-07-02 10:22:32 | Method: [GET] | Request URI: [/payment/check_status] | Calculated Path: [/payment/check_status]
Timestamp: 2025-07-02 10:23:11 | Method: [POST] | Request URI: [/payment/check_status] | Calculated Path: [/payment/check_status]
Timestamp: 2025-07-02 10:23:11 | Method: [POST] | Request URI: [/payment/check_status] | Calculated Path: [/payment/check_status]
Timestamp: 2025-07-02 10:23:41 | Method: [POST] | Request URI: [/payment/check_status] | Calculated Path: [/payment/check_status]
Timestamp: 2025-07-02 10:23:43 | Method: [POST] | Request URI: [/payment/check_status] | Calculated Path: [/payment/check_status]
Timestamp: 2025-07-02 10:23:44 | Method: [GET] | Request URI: [/home] | Calculated Path: [/home]
Timestamp: 2025-07-02 10:23:45 | Method: [GET] | Request URI: [/public/js/main.js] | Calculated Path: [/public/js/main.js]
Timestamp: 2025-07-02 10:23:45 | Method: [GET] | Request URI: [/public/img/nhatrang.jpg] | Calculated Path: [/public/img/nhatrang.jpg]
Timestamp: 2025-07-02 10:23:45 | Method: [GET] | Request URI: [/public/img/hue.jpg] | Calculated Path: [/public/img/hue.jpg]
Timestamp: 2025-07-02 10:23:45 | Method: [GET] | Request URI: [/public/img/dalat.jpg] | Calculated Path: [/public/img/dalat.jpg]
Timestamp: 2025-07-02 10:23:45 | Method: [GET] | Request URI: [/public/js/main.js] | Calculated Path: [/public/js/main.js]
Timestamp: 2025-07-02 10:23:45 | Method: [GET] | Request URI: [/public/img/sapa.jpg] | Calculated Path: [/public/img/sapa.jpg]
Timestamp: 2025-07-02 10:24:11 | Method: [POST] | Request URI: [/payment/check_status] | Calculated Path: [/payment/check_status]
Timestamp: 2025-07-02 10:25:07 | Method: [GET] | Request URI: [/booking?id=19] | Calculated Path: [/booking]
Timestamp: 2025-07-02 10:25:08 | Method: [GET] | Request URI: [/public/js/main.js] | Calculated Path: [/public/js/main.js]
Timestamp: 2025-07-02 10:25:08 | Method: [GET] | Request URI: [/public/js/main.js] | Calculated Path: [/public/js/main.js]
Timestamp: 2025-07-02 10:25:11 | Method: [POST] | Request URI: [/payment/check_status] | Calculated Path: [/payment/check_status]
Timestamp: 2025-07-02 10:26:11 | Method: [POST] | Request URI: [/payment/check_status] | Calculated Path: [/payment/check_status]
Timestamp: 2025-07-02 10:26:30 | Method: [GET] | Request URI: [/booking?id=19] | Calculated Path: [/booking]
Timestamp: 2025-07-02 10:26:30 | Method: [GET] | Request URI: [/public/js/main.js] | Calculated Path: [/public/js/main.js]
Timestamp: 2025-07-02 10:26:30 | Method: [GET] | Request URI: [/public/js/main.js] | Calculated Path: [/public/js/main.js]
Timestamp: 2025-07-02 10:26:32 | Method: [POST] | Request URI: [/booking?id=19] | Calculated Path: [/booking]
Timestamp: 2025-07-02 10:26:32 | Method: [GET] | Request URI: [/payment?id=100] | Calculated Path: [/payment]
Timestamp: 2025-07-02 10:26:32 | Method: [GET] | Request URI: [/public/js/main.js] | Calculated Path: [/public/js/main.js]
Timestamp: 2025-07-02 10:26:32 | Method: [GET] | Request URI: [/public/js/main.js] | Calculated Path: [/public/js/main.js]
Timestamp: 2025-07-02 10:26:34 | Method: [POST] | Request URI: [/payment/check_status] | Calculated Path: [/payment/check_status]
Timestamp: 2025-07-02 10:26:37 | Method: [POST] | Request URI: [/payment/check_status] | Calculated Path: [/payment/check_status]
Timestamp: 2025-07-02 10:26:40 | Method: [POST] | Request URI: [/payment/check_status] | Calculated Path: [/payment/check_status]
Timestamp: 2025-07-02 10:26:43 | Method: [POST] | Request URI: [/payment/check_status] | Calculated Path: [/payment/check_status]
Timestamp: 2025-07-02 10:26:46 | Method: [POST] | Request URI: [/payment/check_status] | Calculated Path: [/payment/check_status]
Timestamp: 2025-07-02 10:26:49 | Method: [POST] | Request URI: [/payment/check_status] | Calculated Path: [/payment/check_status]
Timestamp: 2025-07-02 10:26:52 | Method: [POST] | Request URI: [/payment/check_status] | Calculated Path: [/payment/check_status]
Timestamp: 2025-07-02 10:26:55 | Method: [POST] | Request URI: [/payment/check_status] | Calculated Path: [/payment/check_status]
Timestamp: 2025-07-02 10:26:58 | Method: [POST] | Request URI: [/payment/check_status] | Calculated Path: [/payment/check_status]
Timestamp: 2025-07-02 10:27:01 | Method: [POST] | Request URI: [/payment/check_status] | Calculated Path: [/payment/check_status]
Timestamp: 2025-07-02 10:27:04 | Method: [POST] | Request URI: [/payment/check_status] | Calculated Path: [/payment/check_status]
Timestamp: 2025-07-02 10:27:07 | Method: [POST] | Request URI: [/payment/check_status] | Calculated Path: [/payment/check_status]
Timestamp: 2025-07-02 10:27:10 | Method: [POST] | Request URI: [/payment/check_status] | Calculated Path: [/payment/check_status]
Timestamp: 2025-07-02 10:27:11 | Method: [POST] | Request URI: [/payment/check_status] | Calculated Path: [/payment/check_status]
Timestamp: 2025-07-02 10:27:13 | Method: [POST] | Request URI: [/payment/check_status] | Calculated Path: [/payment/check_status]
Timestamp: 2025-07-02 10:27:15 | Method: [POST] | Request URI: [/payment//webhook] | Calculated Path: [/payment//webhook]
Timestamp: 2025-07-02 10:27:16 | Method: [POST] | Request URI: [/payment/check_status] | Calculated Path: [/payment/check_status]
Timestamp: 2025-07-02 10:27:19 | Method: [POST] | Request URI: [/payment/check_status] | Calculated Path: [/payment/check_status]
Timestamp: 2025-07-02 10:27:22 | Method: [POST] | Request URI: [/payment/check_status] | Calculated Path: [/payment/check_status]
Timestamp: 2025-07-02 10:27:25 | Method: [POST] | Request URI: [/payment/check_status] | Calculated Path: [/payment/check_status]
Timestamp: 2025-07-02 10:27:28 | Method: [POST] | Request URI: [/payment/check_status] | Calculated Path: [/payment/check_status]
Timestamp: 2025-07-02 10:27:31 | Method: [POST] | Request URI: [/payment/check_status] | Calculated Path: [/payment/check_status]
Timestamp: 2025-07-02 10:27:34 | Method: [POST] | Request URI: [/payment/check_status] | Calculated Path: [/payment/check_status]
Timestamp: 2025-07-02 10:27:37 | Method: [POST] | Request URI: [/payment/check_status] | Calculated Path: [/payment/check_status]
Timestamp: 2025-07-02 10:27:40 | Method: [POST] | Request URI: [/payment/check_status] | Calculated Path: [/payment/check_status]
Timestamp: 2025-07-02 10:27:43 | Method: [POST] | Request URI: [/payment/check_status] | Calculated Path: [/payment/check_status]
Timestamp: 2025-07-02 10:27:47 | Method: [POST] | Request URI: [/payment/check_status] | Calculated Path: [/payment/check_status]
Timestamp: 2025-07-02 10:27:50 | Method: [POST] | Request URI: [/payment/check_status] | Calculated Path: [/payment/check_status]
Timestamp: 2025-07-02 10:27:53 | Method: [POST] | Request URI: [/payment/check_status] | Calculated Path: [/payment/check_status]
Timestamp: 2025-07-02 10:27:56 | Method: [POST] | Request URI: [/payment/check_status] | Calculated Path: [/payment/check_status]
Timestamp: 2025-07-02 10:27:59 | Method: [POST] | Request URI: [/payment/check_status] | Calculated Path: [/payment/check_status]
Timestamp: 2025-07-02 10:28:01 | Method: [POST] | Request URI: [/payment/check_status] | Calculated Path: [/payment/check_status]
Timestamp: 2025-07-02 10:28:04 | Method: [POST] | Request URI: [/payment/check_status] | Calculated Path: [/payment/check_status]
Timestamp: 2025-07-02 10:28:07 | Method: [POST] | Request URI: [/payment/check_status] | Calculated Path: [/payment/check_status]
Timestamp: 2025-07-02 10:28:11 | Method: [POST] | Request URI: [/payment/check_status] | Calculated Path: [/payment/check_status]
Timestamp: 2025-07-02 10:28:11 | Method: [POST] | Request URI: [/payment/check_status] | Calculated Path: [/payment/check_status]
Timestamp: 2025-07-02 10:28:14 | Method: [POST] | Request URI: [/payment/check_status] | Calculated Path: [/payment/check_status]
Timestamp: 2025-07-02 10:28:17 | Method: [POST] | Request URI: [/payment/check_status] | Calculated Path: [/payment/check_status]
Timestamp: 2025-07-02 10:28:20 | Method: [POST] | Request URI: [/payment/check_status] | Calculated Path: [/payment/check_status]
Timestamp: 2025-07-02 10:28:23 | Method: [POST] | Request URI: [/payment/check_status] | Calculated Path: [/payment/check_status]
Timestamp: 2025-07-02 10:28:26 | Method: [POST] | Request URI: [/payment/check_status] | Calculated Path: [/payment/check_status]
Timestamp: 2025-07-02 10:28:29 | Method: [POST] | Request URI: [/payment/check_status] | Calculated Path: [/payment/check_status]
Timestamp: 2025-07-02 10:28:32 | Method: [POST] | Request URI: [/payment/check_status] | Calculated Path: [/payment/check_status]
Timestamp: 2025-07-02 10:28:35 | Method: [POST] | Request URI: [/payment/check_status] | Calculated Path: [/payment/check_status]
Timestamp: 2025-07-02 10:28:38 | Method: [POST] | Request URI: [/payment/check_status] | Calculated Path: [/payment/check_status]
Timestamp: 2025-07-02 10:28:41 | Method: [POST] | Request URI: [/payment/check_status] | Calculated Path: [/payment/check_status]
Timestamp: 2025-07-02 10:28:44 | Method: [POST] | Request URI: [/payment/check_status] | Calculated Path: [/payment/check_status]
Timestamp: 2025-07-02 10:28:47 | Method: [POST] | Request URI: [/payment/check_status] | Calculated Path: [/payment/check_status]
Timestamp: 2025-07-02 10:28:50 | Method: [POST] | Request URI: [/payment/check_status] | Calculated Path: [/payment/check_status]
Timestamp: 2025-07-02 10:28:53 | Method: [POST] | Request URI: [/payment/check_status] | Calculated Path: [/payment/check_status]
Timestamp: 2025-07-02 10:28:56 | Method: [POST] | Request URI: [/payment/check_status] | Calculated Path: [/payment/check_status]
Timestamp: 2025-07-02 10:28:59 | Method: [POST] | Request URI: [/payment/check_status] | Calculated Path: [/payment/check_status]
Timestamp: 2025-07-02 10:29:02 | Method: [POST] | Request URI: [/payment/check_status] | Calculated Path: [/payment/check_status]
Timestamp: 2025-07-02 10:29:05 | Method: [POST] | Request URI: [/payment/check_status] | Calculated Path: [/payment/check_status]
Timestamp: 2025-07-02 10:29:11 | Method: [POST] | Request URI: [/payment/check_status] | Calculated Path: [/payment/check_status]
Timestamp: 2025-07-02 10:29:11 | Method: [POST] | Request URI: [/payment/check_status] | Calculated Path: [/payment/check_status]
Timestamp: 2025-07-02 10:30:11 | Method: [POST] | Request URI: [/payment/check_status] | Calculated Path: [/payment/check_status]
Timestamp: 2025-07-02 10:30:11 | Method: [POST] | Request URI: [/payment/check_status] | Calculated Path: [/payment/check_status]
Timestamp: 2025-07-02 10:31:11 | Method: [POST] | Request URI: [/payment/check_status] | Calculated Path: [/payment/check_status]
Timestamp: 2025-07-02 10:31:11 | Method: [POST] | Request URI: [/payment/check_status] | Calculated Path: [/payment/check_status]
Timestamp: 2025-07-02 10:32:03 | Method: [POST] | Request URI: [/payment/check_status] | Calculated Path: [/payment/check_status]
Timestamp: 2025-07-02 10:32:04 | Method: [POST] | Request URI: [/payment/check_status] | Calculated Path: [/payment/check_status]
Timestamp: 2025-07-02 10:32:08 | Method: [POST] | Request URI: [/payment/check_status] | Calculated Path: [/payment/check_status]
Timestamp: 2025-07-02 10:32:11 | Method: [POST] | Request URI: [/payment/check_status] | Calculated Path: [/payment/check_status]
Timestamp: 2025-07-02 10:32:11 | Method: [POST] | Request URI: [/payment/check_status] | Calculated Path: [/payment/check_status]
Timestamp: 2025-07-02 10:32:14 | Method: [POST] | Request URI: [/payment/check_status] | Calculated Path: [/payment/check_status]
Timestamp: 2025-07-02 10:32:17 | Method: [POST] | Request URI: [/payment/check_status] | Calculated Path: [/payment/check_status]
Timestamp: 2025-07-02 10:32:20 | Method: [POST] | Request URI: [/payment/check_status] | Calculated Path: [/payment/check_status]
Timestamp: 2025-07-02 10:32:23 | Method: [POST] | Request URI: [/payment/check_status] | Calculated Path: [/payment/check_status]
Timestamp: 2025-07-02 10:32:26 | Method: [POST] | Request URI: [/payment/check_status] | Calculated Path: [/payment/check_status]
Timestamp: 2025-07-02 10:32:29 | Method: [POST] | Request URI: [/payment/check_status] | Calculated Path: [/payment/check_status]
Timestamp: 2025-07-02 10:32:32 | Method: [POST] | Request URI: [/payment/check_status] | Calculated Path: [/payment/check_status]
Timestamp: 2025-07-02 10:32:35 | Method: [POST] | Request URI: [/payment/check_status] | Calculated Path: [/payment/check_status]
Timestamp: 2025-07-02 10:32:38 | Method: [POST] | Request URI: [/payment/check_status] | Calculated Path: [/payment/check_status]
Timestamp: 2025-07-02 10:32:41 | Method: [POST] | Request URI: [/payment/check_status] | Calculated Path: [/payment/check_status]
Timestamp: 2025-07-02 10:32:44 | Method: [POST] | Request URI: [/payment/check_status] | Calculated Path: [/payment/check_status]
Timestamp: 2025-07-02 10:32:47 | Method: [POST] | Request URI: [/payment/check_status] | Calculated Path: [/payment/check_status]
Timestamp: 2025-07-02 10:32:50 | Method: [POST] | Request URI: [/payment/check_status] | Calculated Path: [/payment/check_status]
Timestamp: 2025-07-02 10:32:53 | Method: [POST] | Request URI: [/payment/check_status] | Calculated Path: [/payment/check_status]
Timestamp: 2025-07-02 10:32:56 | Method: [POST] | Request URI: [/payment/check_status] | Calculated Path: [/payment/check_status]
Timestamp: 2025-07-02 10:32:59 | Method: [POST] | Request URI: [/payment/check_status] | Calculated Path: [/payment/check_status]
Timestamp: 2025-07-02 10:33:02 | Method: [POST] | Request URI: [/payment/check_status] | Calculated Path: [/payment/check_status]
Timestamp: 2025-07-02 10:33:05 | Method: [POST] | Request URI: [/payment/check_status] | Calculated Path: [/payment/check_status]
Timestamp: 2025-07-02 10:33:11 | Method: [POST] | Request URI: [/payment/check_status] | Calculated Path: [/payment/check_status]
Timestamp: 2025-07-02 10:33:11 | Method: [POST] | Request URI: [/payment/check_status] | Calculated Path: [/payment/check_status]
Timestamp: 2025-07-02 10:34:11 | Method: [POST] | Request URI: [/payment/check_status] | Calculated Path: [/payment/check_status]
Timestamp: 2025-07-02 10:34:11 | Method: [POST] | Request URI: [/payment/check_status] | Calculated Path: [/payment/check_status]
Timestamp: 2025-07-02 10:35:11 | Method: [POST] | Request URI: [/payment/check_status] | Calculated Path: [/payment/check_status]
Timestamp: 2025-07-02 10:35:11 | Method: [POST] | Request URI: [/payment/check_status] | Calculated Path: [/payment/check_status]
Timestamp: 2025-07-02 10:36:11 | Method: [POST] | Request URI: [/payment/check_status] | Calculated Path: [/payment/check_status]
Timestamp: 2025-07-02 10:36:11 | Method: [POST] | Request URI: [/payment/check_status] | Calculated Path: [/payment/check_status]
Timestamp: 2025-07-02 10:36:19 | Method: [POST] | Request URI: [/payment/check_status] | Calculated Path: [/payment/check_status]
Timestamp: 2025-07-02 10:36:21 | Method: [POST] | Request URI: [/payment/check_status] | Calculated Path: [/payment/check_status]
Timestamp: 2025-07-02 10:36:24 | Method: [POST] | Request URI: [/payment/check_status] | Calculated Path: [/payment/check_status]
Timestamp: 2025-07-02 10:36:27 | Method: [POST] | Request URI: [/payment/check_status] | Calculated Path: [/payment/check_status]
Timestamp: 2025-07-02 10:36:30 | Method: [POST] | Request URI: [/payment/check_status] | Calculated Path: [/payment/check_status]
Timestamp: 2025-07-02 10:36:33 | Method: [POST] | Request URI: [/payment/check_status] | Calculated Path: [/payment/check_status]
Timestamp: 2025-07-02 10:36:36 | Method: [POST] | Request URI: [/payment/check_status] | Calculated Path: [/payment/check_status]
Timestamp: 2025-07-02 10:36:39 | Method: [POST] | Request URI: [/payment/check_status] | Calculated Path: [/payment/check_status]
Timestamp: 2025-07-02 10:36:42 | Method: [POST] | Request URI: [/payment/check_status] | Calculated Path: [/payment/check_status]
Timestamp: 2025-07-02 10:36:45 | Method: [POST] | Request URI: [/payment/check_status] | Calculated Path: [/payment/check_status]
Timestamp: 2025-07-02 10:36:48 | Method: [POST] | Request URI: [/payment/check_status] | Calculated Path: [/payment/check_status]
Timestamp: 2025-07-02 10:36:51 | Method: [POST] | Request URI: [/payment/check_status] | Calculated Path: [/payment/check_status]
Timestamp: 2025-07-02 10:36:54 | Method: [POST] | Request URI: [/payment/check_status] | Calculated Path: [/payment/check_status]
Timestamp: 2025-07-02 10:36:57 | Method: [POST] | Request URI: [/payment/check_status] | Calculated Path: [/payment/check_status]
Timestamp: 2025-07-02 10:37:00 | Method: [POST] | Request URI: [/payment/check_status] | Calculated Path: [/payment/check_status]
Timestamp: 2025-07-02 10:37:03 | Method: [POST] | Request URI: [/payment/check_status] | Calculated Path: [/payment/check_status]
Timestamp: 2025-07-02 10:37:06 | Method: [POST] | Request URI: [/payment/check_status] | Calculated Path: [/payment/check_status]
Timestamp: 2025-07-02 10:37:09 | Method: [POST] | Request URI: [/payment/check_status] | Calculated Path: [/payment/check_status]
Timestamp: 2025-07-02 10:37:11 | Method: [POST] | Request URI: [/payment/check_status] | Calculated Path: [/payment/check_status]
Timestamp: 2025-07-02 10:37:12 | Method: [POST] | Request URI: [/payment/check_status] | Calculated Path: [/payment/check_status]
Timestamp: 2025-07-02 10:37:15 | Method: [POST] | Request URI: [/payment/check_status] | Calculated Path: [/payment/check_status]
Timestamp: 2025-07-02 10:37:18 | Method: [POST] | Request URI: [/payment/check_status] | Calculated Path: [/payment/check_status]
Timestamp: 2025-07-02 10:38:11 | Method: [POST] | Request URI: [/payment/check_status] | Calculated Path: [/payment/check_status]
Timestamp: 2025-07-02 10:38:11 | Method: [POST] | Request URI: [/payment/check_status] | Calculated Path: [/payment/check_status]
Timestamp: 2025-07-02 10:39:11 | Method: [POST] | Request URI: [/payment/check_status] | Calculated Path: [/payment/check_status]
Timestamp: 2025-07-02 10:39:11 | Method: [POST] | Request URI: [/payment/check_status] | Calculated Path: [/payment/check_status]
Timestamp: 2025-07-02 10:40:11 | Method: [POST] | Request URI: [/payment/check_status] | Calculated Path: [/payment/check_status]
Timestamp: 2025-07-02 10:40:11 | Method: [POST] | Request URI: [/payment/check_status] | Calculated Path: [/payment/check_status]
Timestamp: 2025-07-02 10:41:11 | Method: [POST] | Request URI: [/payment/check_status] | Calculated Path: [/payment/check_status]
Timestamp: 2025-07-02 10:41:11 | Method: [POST] | Request URI: [/payment/check_status] | Calculated Path: [/payment/check_status]
Timestamp: 2025-07-02 10:42:11 | Method: [POST] | Request URI: [/payment/check_status] | Calculated Path: [/payment/check_status]
Timestamp: 2025-07-02 10:42:11 | Method: [POST] | Request URI: [/payment/check_status] | Calculated Path: [/payment/check_status]
Timestamp: 2025-07-02 10:43:11 | Method: [POST] | Request URI: [/payment/check_status] | Calculated Path: [/payment/check_status]
Timestamp: 2025-07-02 10:43:11 | Method: [POST] | Request URI: [/payment/check_status] | Calculated Path: [/payment/check_status]
Timestamp: 2025-07-02 10:44:11 | Method: [POST] | Request URI: [/payment/check_status] | Calculated Path: [/payment/check_status]
Timestamp: 2025-07-02 10:44:11 | Method: [POST] | Request URI: [/payment/check_status] | Calculated Path: [/payment/check_status]
Timestamp: 2025-07-02 10:45:11 | Path: [/payment/check_status]
Timestamp: 2025-07-02 10:45:11 | Path: [/payment/check_status]
Timestamp: 2025-07-02 10:45:27 | Path: [/payment/check_status]
Timestamp: 2025-07-02 10:45:28 | Path: [/payment/check_status]
Timestamp: 2025-07-02 10:45:28 | Path: [/payment]
Timestamp: 2025-07-02 10:45:29 | Path: [/public/js/main.js]
Timestamp: 2025-07-02 10:45:29 | Path: [/public/js/main.js]
Timestamp: 2025-07-02 10:45:30 | Path: [/payment]
Timestamp: 2025-07-02 10:45:30 | Path: [/public/js/main.js]
Timestamp: 2025-07-02 10:45:30 | Path: [/public/js/main.js]
Timestamp: 2025-07-02 10:45:31 | Path: [/home]
Timestamp: 2025-07-02 10:45:31 | Path: [/public/js/main.js]
Timestamp: 2025-07-02 10:45:31 | Path: [/public/js/main.js]
Timestamp: 2025-07-02 10:45:31 | Path: [/public/img/dalat.jpg]
Timestamp: 2025-07-02 10:45:31 | Path: [/public/img/nhatrang.jpg]
Timestamp: 2025-07-02 10:45:31 | Path: [/public/img/sapa.jpg]
Timestamp: 2025-07-02 10:45:31 | Path: [/public/img/hue.jpg]
Timestamp: 2025-07-02 10:45:32 | Path: [/public/img/hoian.jpg]
Timestamp: 2025-07-02 10:45:36 | Path: [/home]
Timestamp: 2025-07-02 10:45:37 | Path: [/public/js/main.js]
Timestamp: 2025-07-02 10:45:37 | Path: [/public/img/hoian.jpg]
Timestamp: 2025-07-02 10:45:37 | Path: [/public/js/main.js]
Timestamp: 2025-07-02 10:45:40 | Path: [/home]
Timestamp: 2025-07-02 10:45:40 | Path: [/public/js/main.js]
Timestamp: 2025-07-02 10:45:40 | Path: [/public/img/sapa.jpg]
Timestamp: 2025-07-02 10:45:40 | Path: [/public/img/hue.jpg]
Timestamp: 2025-07-02 10:45:40 | Path: [/public/img/dalat.jpg]
Timestamp: 2025-07-02 10:45:40 | Path: [/public/img/hoian.jpg]
Timestamp: 2025-07-02 10:45:40 | Path: [/public/js/main.js]
Timestamp: 2025-07-02 10:45:43 | Path: [/booking]
Timestamp: 2025-07-02 10:45:43 | Path: [/public/js/main.js]
Timestamp: 2025-07-02 10:45:44 | Path: [/public/js/main.js]
Timestamp: 2025-07-02 10:45:47 | Path: [/booking]
Timestamp: 2025-07-02 10:45:47 | Path: [/payment]
Timestamp: 2025-07-02 10:45:47 | Path: [/public/js/main.js]
Timestamp: 2025-07-02 10:45:47 | Path: [/public/js/main.js]
Timestamp: 2025-07-02 10:45:50 | Path: [/payment/check_status]
Timestamp: 2025-07-02 10:45:53 | Path: [/payment/check_status]
Timestamp: 2025-07-02 10:45:56 | Path: [/payment/check_status]
Timestamp: 2025-07-02 10:45:59 | Path: [/payment/check_status]
Timestamp: 2025-07-02 10:46:02 | Path: [/payment/check_status]
Timestamp: 2025-07-02 10:46:05 | Path: [/payment/check_status]
Timestamp: 2025-07-02 10:46:08 | Path: [/payment/check_status]
Timestamp: 2025-07-02 10:46:11 | Path: [/payment/check_status]
Timestamp: 2025-07-02 10:46:11 | Path: [/payment/check_status]
Timestamp: 2025-07-02 10:46:14 | Path: [/payment/check_status]
Timestamp: 2025-07-02 10:46:17 | Path: [/payment/check_status]
Timestamp: 2025-07-02 10:46:20 | Path: [/payment/check_status]
Timestamp: 2025-07-02 10:46:23 | Path: [/payment/check_status]
Timestamp: 2025-07-02 10:46:26 | Path: [/payment/check_status]
Timestamp: 2025-07-02 10:46:29 | Path: [/payment/check_status]
Timestamp: 2025-07-02 10:46:32 | Path: [/payment/check_status]
Timestamp: 2025-07-02 10:46:35 | Path: [/payment/check_status]
Timestamp: 2025-07-02 10:46:38 | Path: [/payment/check_status]
Timestamp: 2025-07-02 10:46:41 | Path: [/payment/check_status]
Timestamp: 2025-07-02 10:46:44 | Path: [/payment/check_status]
Timestamp: 2025-07-02 10:46:44 | Path: [/payment]
Timestamp: 2025-07-02 10:46:44 | Path: [/public/js/main.js]
Timestamp: 2025-07-02 10:46:44 | Path: [/public/js/main.js]
Timestamp: 2025-07-02 10:46:46 | Path: [/payment/check_status]
Timestamp: 2025-07-02 10:46:49 | Path: [/payment/check_status]
Timestamp: 2025-07-02 10:46:53 | Path: [/payment/check_status]
Timestamp: 2025-07-02 10:46:56 | Path: [/payment/check_status]
Timestamp: 2025-07-02 10:46:59 | Path: [/payment/check_status]
Timestamp: 2025-07-02 10:47:02 | Path: [/payment/check_status]
Timestamp: 2025-07-02 10:47:05 | Path: [/payment/check_status]
Timestamp: 2025-07-02 10:47:08 | Path: [/payment/check_status]
Timestamp: 2025-07-02 10:47:11 | Path: [/payment/check_status]
Timestamp: 2025-07-02 10:47:11 | Path: [/payment/check_status]
Timestamp: 2025-07-02 10:47:14 | Path: [/payment/check_status]
Timestamp: 2025-07-02 10:47:17 | Path: [/payment/check_status]
Timestamp: 2025-07-02 10:47:20 | Path: [/payment/check_status]
Timestamp: 2025-07-02 10:47:23 | Path: [/payment/check_status]
Timestamp: 2025-07-02 10:47:26 | Path: [/payment/check_status]
Timestamp: 2025-07-02 10:47:29 | Path: [/payment/check_status]
Timestamp: 2025-07-02 10:47:32 | Path: [/payment/check_status]
Timestamp: 2025-07-02 10:47:35 | Path: [/payment/check_status]
Timestamp: 2025-07-02 10:47:38 | Path: [/payment/check_status]
Timestamp: 2025-07-02 10:47:41 | Path: [/payment/check_status]
Timestamp: 2025-07-02 10:47:43 | Path: [/payment/check_status]
Timestamp: 2025-07-02 10:47:46 | Path: [/payment/check_status]
Timestamp: 2025-07-02 10:47:49 | Path: [/payment/check_status]
Timestamp: 2025-07-02 10:47:52 | Path: [/payment/check_status]
Timestamp: 2025-07-02 10:47:55 | Path: [/payment/check_status]
Timestamp: 2025-07-02 10:47:58 | Path: [/payment/check_status]
Timestamp: 2025-07-02 10:48:01 | Path: [/payment/check_status]
Timestamp: 2025-07-02 10:48:04 | Path: [/payment/check_status]
Timestamp: 2025-07-02 10:48:07 | Path: [/payment/check_status]
Timestamp: 2025-07-02 10:48:10 | Path: [/payment/check_status]
Timestamp: 2025-07-02 10:48:11 | Path: [/payment/check_status]
Timestamp: 2025-07-02 10:48:13 | Path: [/payment/check_status]
Timestamp: 2025-07-02 10:48:16 | Path: [/payment/check_status]
Timestamp: 2025-07-02 10:48:19 | Path: [/payment/check_status]
Timestamp: 2025-07-02 10:48:22 | Path: [/payment/check_status]
Timestamp: 2025-07-02 10:48:25 | Path: [/payment/check_status]
Timestamp: 2025-07-02 10:48:28 | Path: [/payment/check_status]
Timestamp: 2025-07-02 10:48:30 | Path: [/payment//webhook]
Timestamp: 2025-07-02 10:48:31 | Path: [/payment/check_status]
Timestamp: 2025-07-02 10:48:34 | Path: [/payment/check_status]
Timestamp: 2025-07-02 10:48:37 | Path: [/payment/check_status]
Timestamp: 2025-07-02 10:48:40 | Path: [/payment/check_status]
Timestamp: 2025-07-02 10:48:43 | Path: [/payment/check_status]
Timestamp: 2025-07-02 10:48:43 | Path: [/payment]
Timestamp: 2025-07-02 10:48:44 | Path: [/public/js/main.js]
Timestamp: 2025-07-02 10:48:44 | Path: [/public/js/main.js]
Timestamp: 2025-07-02 10:48:44 | Path: [/payment]
Timestamp: 2025-07-02 10:48:44 | Path: [/public/js/main.js]
Timestamp: 2025-07-02 10:48:45 | Path: [/public/js/main.js]
Timestamp: 2025-07-02 10:48:45 | Path: [/payment]
Timestamp: 2025-07-02 10:48:45 | Path: [/public/js/main.js]
Timestamp: 2025-07-02 10:48:45 | Path: [/public/js/main.js]
Timestamp: 2025-07-02 10:48:48 | Path: [/payment/check_status]
Timestamp: 2025-07-02 10:48:52 | Path: [/payment/check_status]
Timestamp: 2025-07-02 10:48:55 | Path: [/payment/check_status]
Timestamp: 2025-07-02 10:48:58 | Path: [/payment/check_status]
Timestamp: 2025-07-02 10:49:01 | Path: [/payment/check_status]
Timestamp: 2025-07-02 10:49:04 | Path: [/payment/check_status]
Timestamp: 2025-07-02 10:49:07 | Path: [/payment/check_status]
Timestamp: 2025-07-02 10:49:10 | Path: [/payment/check_status]
Timestamp: 2025-07-02 10:49:11 | Path: [/payment/check_status]
Timestamp: 2025-07-02 10:49:13 | Path: [/payment/check_status]
Timestamp: 2025-07-02 10:49:16 | Path: [/payment/check_status]
Timestamp: 2025-07-02 10:49:19 | Path: [/payment/check_status]
Timestamp: 2025-07-02 10:49:22 | Path: [/payment/check_status]
Timestamp: 2025-07-02 10:49:25 | Path: [/payment/check_status]
Timestamp: 2025-07-02 10:49:28 | Path: [/payment/check_status]
Timestamp: 2025-07-02 10:49:31 | Path: [/payment/check_status]
Timestamp: 2025-07-02 10:49:34 | Path: [/payment/check_status]
Timestamp: 2025-07-02 10:49:37 | Path: [/payment/check_status]
Timestamp: 2025-07-02 10:49:40 | Path: [/payment/check_status]
Timestamp: 2025-07-02 10:49:43 | Path: [/payment/check_status]
Timestamp: 2025-07-02 10:49:46 | Path: [/payment/check_status]
Timestamp: 2025-07-02 10:50:11 | Path: [/payment/check_status]
Timestamp: 2025-07-02 10:50:11 | Path: [/payment/check_status]
Timestamp: 2025-07-02 10:50:21 | Path: [/payment/check_status]
Timestamp: 2025-07-02 10:50:23 | Path: [/payment]
Timestamp: 2025-07-02 10:50:23 | Path: [/public/js/main.js]
Timestamp: 2025-07-02 10:50:23 | Path: [/public/js/main.js]
Timestamp: 2025-07-02 10:50:25 | Path: [/payment/check_status]
Timestamp: 2025-07-02 10:50:29 | Path: [/payment/check_status]
Timestamp: 2025-07-02 10:50:32 | Path: [/payment/check_status]
Timestamp: 2025-07-02 10:50:35 | Path: [/payment/check_status]
Timestamp: 2025-07-02 10:50:38 | Path: [/payment/check_status]
Timestamp: 2025-07-02 10:50:41 | Path: [/payment/check_status]
Timestamp: 2025-07-02 10:50:44 | Path: [/payment/check_status]
Timestamp: 2025-07-02 10:50:47 | Path: [/payment/check_status]
Timestamp: 2025-07-02 10:50:50 | Path: [/payment/check_status]
Timestamp: 2025-07-02 10:50:53 | Path: [/payment/check_status]
Timestamp: 2025-07-02 10:50:56 | Path: [/payment/check_status]
Timestamp: 2025-07-02 10:50:59 | Path: [/payment/check_status]
Timestamp: 2025-07-02 10:51:02 | Path: [/payment/check_status]
Timestamp: 2025-07-02 10:51:05 | Path: [/payment/check_status]
Timestamp: 2025-07-02 10:51:08 | Path: [/payment/check_status]
Timestamp: 2025-07-02 10:51:11 | Path: [/payment/check_status]
Timestamp: 2025-07-02 10:51:11 | Path: [/payment/check_status]
Timestamp: 2025-07-02 10:51:14 | Path: [/payment/check_status]
Timestamp: 2025-07-02 10:51:17 | Path: [/payment/check_status]
Timestamp: 2025-07-02 10:51:20 | Path: [/payment/check_status]
Timestamp: 2025-07-02 10:51:23 | Path: [/payment/check_status]
Timestamp: 2025-07-02 10:51:26 | Path: [/payment/check_status]
Timestamp: 2025-07-02 10:51:35 | Path: [/payment/check_status]
Timestamp: 2025-07-02 10:51:37 | Path: [/payment/check_status]
Timestamp: 2025-07-02 10:51:40 | Path: [/payment/check_status]
Timestamp: 2025-07-02 10:51:41 | Path: [/home]
Timestamp: 2025-07-02 10:51:41 | Path: [/public/js/main.js]
Timestamp: 2025-07-02 10:51:41 | Path: [/public/img/sapa.jpg]
Timestamp: 2025-07-02 10:51:42 | Path: [/public/img/dalat.jpg]
Timestamp: 2025-07-02 10:51:42 | Path: [/public/img/hue.jpg]
Timestamp: 2025-07-02 10:51:42 | Path: [/public/img/nhatrang.jpg]
Timestamp: 2025-07-02 10:51:42 | Path: [/public/js/main.js]
Timestamp: 2025-07-02 10:51:48 | Path: [/booking]
Timestamp: 2025-07-02 10:51:48 | Path: [/public/js/main.js]
Timestamp: 2025-07-02 10:51:48 | Path: [/public/js/main.js]
Timestamp: 2025-07-02 10:51:50 | Path: [/booking]
Timestamp: 2025-07-02 10:51:50 | Path: [/payment]
Timestamp: 2025-07-02 10:51:50 | Path: [/public/js/main.js]
Timestamp: 2025-07-02 10:51:50 | Path: [/public/js/main.js]
Timestamp: 2025-07-02 10:51:53 | Path: [/payment/check_status]
Timestamp: 2025-07-02 10:51:56 | Path: [/payment/check_status]
Timestamp: 2025-07-02 10:51:59 | Path: [/payment/check_status]
Timestamp: 2025-07-02 10:52:02 | Path: [/payment/check_status]
Timestamp: 2025-07-02 10:52:05 | Path: [/payment/check_status]
Timestamp: 2025-07-02 10:52:08 | Path: [/payment/check_status]
Timestamp: 2025-07-02 10:52:11 | Path: [/payment/check_status]
Timestamp: 2025-07-02 10:52:11 | Path: [/payment/check_status]
Timestamp: 2025-07-02 10:52:11 | Path: [/payment//webhook]
Timestamp: 2025-07-02 10:52:14 | Path: [/payment/check_status]
Timestamp: 2025-07-02 10:52:17 | Path: [/payment/check_status]
Timestamp: 2025-07-02 10:52:20 | Path: [/payment/check_status]
Timestamp: 2025-07-02 10:52:23 | Path: [/payment/check_status]
Timestamp: 2025-07-02 10:52:26 | Path: [/payment/check_status]
Timestamp: 2025-07-02 10:52:29 | Path: [/payment/check_status]
Timestamp: 2025-07-02 10:52:32 | Path: [/payment/check_status]
Timestamp: 2025-07-02 10:52:35 | Path: [/payment/check_status]
Timestamp: 2025-07-02 10:52:38 | Path: [/payment/check_status]
Timestamp: 2025-07-02 10:52:41 | Path: [/payment/check_status]
Timestamp: 2025-07-02 10:52:44 | Path: [/payment/check_status]
Timestamp: 2025-07-02 10:52:47 | Path: [/payment/check_status]
Timestamp: 2025-07-02 10:52:50 | Path: [/payment/check_status]
Timestamp: 2025-07-02 10:52:53 | Path: [/payment/check_status]
Timestamp: 2025-07-02 10:52:55 | Path: [/payment]
Timestamp: 2025-07-02 10:52:55 | Path: [/public/js/main.js]
Timestamp: 2025-07-02 10:52:55 | Path: [/public/js/main.js]
Timestamp: 2025-07-02 10:52:57 | Path: [/payment]
Timestamp: 2025-07-02 10:52:57 | Path: [/payment/check_status]
Timestamp: 2025-07-02 10:52:57 | Path: [/public/js/main.js]
Timestamp: 2025-07-02 10:52:58 | Path: [/public/js/main.js]
Timestamp: 2025-07-02 10:53:00 | Path: [/payment/check_status]
Timestamp: 2025-07-02 10:53:03 | Path: [/payment/check_status]
Timestamp: 2025-07-02 10:53:06 | Path: [/payment/check_status]
Timestamp: 2025-07-02 10:53:09 | Path: [/payment/check_status]
Timestamp: 2025-07-02 10:53:11 | Path: [/payment/check_status]
Timestamp: 2025-07-02 10:53:12 | Path: [/payment/check_status]
Timestamp: 2025-07-02 10:53:13 | Path: [/payment]
Timestamp: 2025-07-02 10:53:13 | Path: [/public/js/main.js]
Timestamp: 2025-07-02 10:53:13 | Path: [/public/js/main.js]
Timestamp: 2025-07-02 10:53:16 | Path: [/payment/check_status]
Timestamp: 2025-07-02 10:53:20 | Path: [/payment/check_status]
Timestamp: 2025-07-02 10:53:23 | Path: [/payment/check_status]
Timestamp: 2025-07-02 10:53:26 | Path: [/payment/check_status]
Timestamp: 2025-07-02 10:53:29 | Path: [/payment/check_status]
Timestamp: 2025-07-02 10:53:32 | Path: [/payment/check_status]
Timestamp: 2025-07-02 10:53:33 | Path: [/payment//webhook]
Timestamp: 2025-07-02 10:53:35 | Path: [/payment/check_status]
Timestamp: 2025-07-02 10:53:38 | Path: [/payment/check_status]
Timestamp: 2025-07-02 10:53:41 | Path: [/payment/check_status]
Timestamp: 2025-07-02 10:53:44 | Path: [/payment/check_status]
Timestamp: 2025-07-02 10:53:47 | Path: [/payment/check_status]
Timestamp: 2025-07-02 10:53:50 | Path: [/payment/check_status]
Timestamp: 2025-07-02 10:53:53 | Path: [/payment/check_status]
Timestamp: 2025-07-02 10:53:56 | Path: [/payment/check_status]
Timestamp: 2025-07-02 10:53:59 | Path: [/payment/check_status]
Timestamp: 2025-07-02 10:54:02 | Path: [/payment/check_status]
Timestamp: 2025-07-02 10:54:05 | Path: [/payment/check_status]
Timestamp: 2025-07-02 10:54:08 | Path: [/payment/check_status]
Timestamp: 2025-07-02 10:54:11 | Path: [/payment/check_status]
Timestamp: 2025-07-02 10:54:11 | Path: [/payment/check_status]
Timestamp: 2025-07-02 10:54:14 | Path: [/payment/check_status]
Timestamp: 2025-07-02 10:55:11 | Path: [/payment/check_status]
Timestamp: 2025-07-02 10:55:11 | Path: [/payment/check_status]
Timestamp: 2025-07-02 10:56:11 | Path: [/payment/check_status]
Timestamp: 2025-07-02 10:56:11 | Path: [/payment/check_status]
Timestamp: 2025-07-02 10:57:11 | Path: [/payment/check_status]
Timestamp: 2025-07-02 10:57:11 | Path: [/payment/check_status]
Timestamp: 2025-07-02 10:58:11 | Path: [/payment/check_status]
Timestamp: 2025-07-02 10:58:11 | Path: [/payment/check_status]
Timestamp: 2025-07-02 10:59:11 | Path: [/payment/check_status]
Timestamp: 2025-07-02 10:59:11 | Path: [/payment/check_status]
Timestamp: 2025-07-02 11:00:11 | Path: [/payment/check_status]
Timestamp: 2025-07-02 11:00:11 | Path: [/payment/check_status]
Timestamp: 2025-07-02 11:01:11 | Path: [/payment/check_status]
Timestamp: 2025-07-02 11:01:11 | Path: [/payment/check_status]
Timestamp: 2025-07-02 11:01:50 | Path: [/payment/check_status]
Timestamp: 2025-07-02 11:01:52 | Path: [/payment/check_status]
Timestamp: 2025-07-02 11:01:56 | Path: [/payment/check_status]
Timestamp: 2025-07-02 11:01:59 | Path: [/payment/check_status]
Timestamp: 2025-07-02 11:02:02 | Path: [/payment/check_status]
Timestamp: 2025-07-02 11:02:05 | Path: [/payment/check_status]
Timestamp: 2025-07-02 11:02:08 | Path: [/payment/check_status]
Timestamp: 2025-07-02 11:02:11 | Path: [/payment/check_status]
Timestamp: 2025-07-02 11:02:11 | Path: [/payment/check_status]
Timestamp: 2025-07-02 11:02:14 | Path: [/payment/check_status]
Timestamp: 2025-07-02 11:02:17 | Path: [/payment/check_status]
Timestamp: 2025-07-02 11:02:20 | Path: [/payment/check_status]
Timestamp: 2025-07-02 11:02:23 | Path: [/payment/check_status]
Timestamp: 2025-07-02 11:02:26 | Path: [/payment/check_status]
Timestamp: 2025-07-02 11:02:29 | Path: [/payment/check_status]
Timestamp: 2025-07-02 11:02:32 | Path: [/payment/check_status]
Timestamp: 2025-07-02 11:02:35 | Path: [/payment/check_status]
Timestamp: 2025-07-02 11:02:38 | Path: [/payment/check_status]
Timestamp: 2025-07-02 11:02:40 | Path: [/payment/check_status]
Timestamp: 2025-07-02 11:02:44 | Path: [/payment/check_status]
Timestamp: 2025-07-02 11:02:47 | Path: [/payment/check_status]
Timestamp: 2025-07-02 11:02:50 | Path: [/payment/check_status]
Timestamp: 2025-07-02 11:02:53 | Path: [/payment/check_status]
Timestamp: 2025-07-02 11:02:56 | Path: [/payment/webhook]
Timestamp: 2025-07-02 11:02:56 | Path: [/payment/check_status]
Timestamp: 2025-07-02 11:02:59 | Path: [/payment/check_status]
Timestamp: 2025-07-02 11:03:02 | Path: [/payment/check_status]
Timestamp: 2025-07-02 11:03:05 | Path: [/payment/check_status]
Timestamp: 2025-07-02 11:03:08 | Path: [/payment/check_status]
Timestamp: 2025-07-02 11:03:11 | Path: [/payment/check_status]
Timestamp: 2025-07-02 11:03:11 | Path: [/payment/check_status]
Timestamp: 2025-07-02 11:03:14 | Path: [/payment/check_status]
Timestamp: 2025-07-02 11:03:17 | Path: [/payment/check_status]
Timestamp: 2025-07-02 11:03:20 | Path: [/payment/check_status]
Timestamp: 2025-07-02 11:03:23 | Path: [/payment/check_status]
Timestamp: 2025-07-02 11:03:25 | Path: [/payment/check_status]
Timestamp: 2025-07-02 11:03:28 | Path: [/payment/check_status]
Timestamp: 2025-07-02 11:03:28 | Path: [/payment]
Timestamp: 2025-07-02 11:03:28 | Path: [/public/js/main.js]
Timestamp: 2025-07-02 11:03:28 | Path: [/public/js/main.js]
Timestamp: 2025-07-02 11:03:31 | Path: [/payment/check_status]
Timestamp: 2025-07-02 11:03:31 | Path: [/payment]
Timestamp: 2025-07-02 11:03:31 | Path: [/public/js/main.js]
Timestamp: 2025-07-02 11:03:31 | Path: [/public/js/main.js]
Timestamp: 2025-07-02 11:03:34 | Path: [/payment/check_status]
Timestamp: 2025-07-02 11:03:38 | Path: [/payment/check_status]
Timestamp: 2025-07-02 11:03:41 | Path: [/payment/check_status]
Timestamp: 2025-07-02 11:03:44 | Path: [/payment/check_status]
Timestamp: 2025-07-02 11:03:47 | Path: [/payment/check_status]
Timestamp: 2025-07-02 11:03:50 | Path: [/payment/check_status]
Timestamp: 2025-07-02 11:03:53 | Path: [/payment/check_status]
Timestamp: 2025-07-02 11:03:56 | Path: [/payment/check_status]
Timestamp: 2025-07-02 11:03:59 | Path: [/payment/check_status]
Timestamp: 2025-07-02 11:04:01 | Path: [/payment/webhook]
Timestamp: 2025-07-02 11:04:02 | Path: [/payment/check_status]
Timestamp: 2025-07-02 11:04:05 | Path: [/payment/check_status]
Timestamp: 2025-07-02 11:04:08 | Path: [/payment/check_status]
Timestamp: 2025-07-02 11:04:11 | Path: [/payment/check_status]
Timestamp: 2025-07-02 11:04:11 | Path: [/payment/check_status]
Timestamp: 2025-07-02 11:04:14 | Path: [/payment/check_status]
Timestamp: 2025-07-02 11:04:17 | Path: [/payment/check_status]
Timestamp: 2025-07-02 11:04:20 | Path: [/payment/check_status]
Timestamp: 2025-07-02 11:04:23 | Path: [/payment/check_status]
Timestamp: 2025-07-02 11:04:26 | Path: [/payment/check_status]
Timestamp: 2025-07-02 11:04:29 | Path: [/payment/check_status]
Timestamp: 2025-07-02 11:04:32 | Path: [/payment/check_status]
Timestamp: 2025-07-02 11:05:11 | Path: [/payment/check_status]
Timestamp: 2025-07-02 11:05:11 | Path: [/payment/check_status]
Timestamp: 2025-07-02 11:06:11 | Path: [/payment/check_status]
Timestamp: 2025-07-02 11:06:11 | Path: [/payment/check_status]
Timestamp: 2025-07-02 11:07:11 | Path: [/payment/check_status]
Timestamp: 2025-07-02 11:07:11 | Path: [/payment/check_status]
Timestamp: 2025-07-02 11:08:11 | Path: [/payment/check_status]
Timestamp: 2025-07-02 11:08:11 | Path: [/payment/check_status]
Timestamp: 2025-07-02 11:08:30 | Path: [/payment/check_status]
Timestamp: 2025-07-02 11:08:31 | Path: [/payment/check_status]
Timestamp: 2025-07-02 11:08:33 | Path: [/payment/check_status]
Timestamp: 2025-07-02 11:08:35 | Path: [/payment/check_status]
Timestamp: 2025-07-02 11:08:35 | Path: [/payment/check_status]
Timestamp: 2025-07-02 11:08:38 | Path: [/payment/check_status]
Timestamp: 2025-07-02 11:08:38 | Path: [/payment/check_status]
Timestamp: 2025-07-02 11:08:41 | Path: [/payment/check_status]
Timestamp: 2025-07-02 11:08:41 | Path: [/payment/check_status]
Timestamp: 2025-07-02 11:08:44 | Path: [/payment/check_status]
Timestamp: 2025-07-02 11:08:44 | Path: [/payment/check_status]
Timestamp: 2025-07-02 11:08:47 | Path: [/payment/check_status]
Timestamp: 2025-07-02 11:08:47 | Path: [/payment/check_status]
Timestamp: 2025-07-02 11:08:50 | Path: [/payment/check_status]
Timestamp: 2025-07-02 11:08:50 | Path: [/payment/check_status]
Timestamp: 2025-07-02 11:08:53 | Path: [/payment/check_status]
Timestamp: 2025-07-02 11:08:53 | Path: [/payment/check_status]
Timestamp: 2025-07-02 11:08:56 | Path: [/payment/check_status]
Timestamp: 2025-07-02 11:08:56 | Path: [/payment/check_status]
Timestamp: 2025-07-02 11:08:59 | Path: [/payment/check_status]
Timestamp: 2025-07-02 11:08:59 | Path: [/payment/check_status]
Timestamp: 2025-07-02 11:09:02 | Path: [/payment/check_status]
Timestamp: 2025-07-02 11:09:02 | Path: [/payment/check_status]
Timestamp: 2025-07-02 11:09:05 | Path: [/payment/check_status]
Timestamp: 2025-07-02 11:09:05 | Path: [/payment/check_status]
Timestamp: 2025-07-02 11:09:08 | Path: [/payment/check_status]
Timestamp: 2025-07-02 11:09:09 | Path: [/payment/check_status]
Timestamp: 2025-07-02 11:09:11 | Path: [/payment/check_status]
Timestamp: 2025-07-02 11:09:12 | Path: [/payment/check_status]
Timestamp: 2025-07-02 11:09:14 | Path: [/payment/check_status]
Timestamp: 2025-07-02 11:09:15 | Path: [/payment/check_status]
Timestamp: 2025-07-02 11:09:17 | Path: [/payment/check_status]
Timestamp: 2025-07-02 11:09:18 | Path: [/payment/check_status]
Timestamp: 2025-07-02 11:09:20 | Path: [/payment/check_status]
Timestamp: 2025-07-02 11:09:21 | Path: [/payment/check_status]
Timestamp: 2025-07-02 11:09:23 | Path: [/payment/check_status]
Timestamp: 2025-07-02 11:09:24 | Path: [/payment/check_status]
Timestamp: 2025-07-02 11:09:26 | Path: [/payment/check_status]
Timestamp: 2025-07-02 11:09:27 | Path: [/payment/check_status]
Timestamp: 2025-07-02 11:09:29 | Path: [/payment/check_status]
Timestamp: 2025-07-02 11:09:30 | Path: [/payment/check_status]
Timestamp: 2025-07-02 11:09:33 | Path: [/payment/check_status]
Timestamp: 2025-07-02 11:09:36 | Path: [/payment/check_status]
Timestamp: 2025-07-02 11:09:39 | Path: [/payment/check_status]
Timestamp: 2025-07-02 11:09:42 | Path: [/payment/check_status]
Timestamp: 2025-07-02 11:09:45 | Path: [/payment/check_status]
Timestamp: 2025-07-02 11:09:48 | Path: [/payment/check_status]
Timestamp: 2025-07-02 11:09:51 | Path: [/payment/check_status]
Timestamp: 2025-07-02 11:09:54 | Path: [/payment/check_status]
Timestamp: 2025-07-02 11:09:57 | Path: [/payment/check_status]
Timestamp: 2025-07-02 11:10:00 | Path: [/payment/check_status]
Timestamp: 2025-07-02 11:10:03 | Path: [/payment/check_status]
Timestamp: 2025-07-02 11:10:06 | Path: [/payment/check_status]
Timestamp: 2025-07-02 11:10:11 | Path: [/payment/check_status]
Timestamp: 2025-07-02 11:10:11 | Path: [/payment/check_status]
Timestamp: 2025-07-02 11:11:11 | Path: [/payment/check_status]
Timestamp: 2025-07-02 11:11:11 | Path: [/payment/check_status]
Timestamp: 2025-07-02 11:12:11 | Path: [/payment/check_status]
Timestamp: 2025-07-02 11:12:11 | Path: [/payment/check_status]
Timestamp: 2025-07-02 11:13:11 | Path: [/payment/check_status]
Timestamp: 2025-07-02 11:13:11 | Path: [/payment/check_status]
Timestamp: 2025-07-02 11:14:11 | Path: [/payment/check_status]
Timestamp: 2025-07-02 11:14:11 | Path: [/payment/check_status]
Timestamp: 2025-07-02 11:15:11 | Path: [/payment/check_status]
Timestamp: 2025-07-02 11:15:11 | Path: [/payment/check_status]
Timestamp: 2025-07-02 11:16:11 | Path: [/payment/check_status]
Timestamp: 2025-07-02 11:16:11 | Path: [/payment/check_status]
Timestamp: 2025-07-02 11:17:11 | Path: [/payment/check_status]
Timestamp: 2025-07-02 11:17:11 | Path: [/payment/check_status]
Timestamp: 2025-07-02 11:18:11 | Path: [/payment/check_status]
Timestamp: 2025-07-02 11:18:11 | Path: [/payment/check_status]
Timestamp: 2025-07-02 11:19:11 | Path: [/payment/check_status]
Timestamp: 2025-07-02 11:19:11 | Path: [/payment/check_status]
Timestamp: 2025-07-02 11:19:23 | Path: [/payment/check_status]
Timestamp: 2025-07-02 11:19:25 | Path: [/payment/check_status]
Timestamp: 2025-07-02 11:19:25 | Path: [/payment]
Timestamp: 2025-07-02 11:19:25 | Path: [/public/js/main.js]
Timestamp: 2025-07-02 11:19:25 | Path: [/public/js/main.js]
Timestamp: 2025-07-02 11:19:27 | Path: [/payment]
Timestamp: 2025-07-02 11:19:27 | Path: [/public/js/main.js]
Timestamp: 2025-07-02 11:19:27 | Path: [/public/js/main.js]
Timestamp: 2025-07-02 11:19:30 | Path: [/payment/check_status]
Timestamp: 2025-07-02 11:19:33 | Path: [/payment/check_status]
Timestamp: 2025-07-02 11:19:36 | Path: [/payment/check_status]
Timestamp: 2025-07-02 11:19:39 | Path: [/payment/check_status]
Timestamp: 2025-07-02 11:19:41 | Path: [/payment/webhook]
Timestamp: 2025-07-02 11:19:42 | Path: [/payment/check_status]
Timestamp: 2025-07-02 11:19:45 | Path: [/payment/check_status]
Timestamp: 2025-07-02 11:19:48 | Path: [/payment/check_status]
Timestamp: 2025-07-02 11:19:51 | Path: [/payment/check_status]
Timestamp: 2025-07-02 11:19:54 | Path: [/payment/check_status]
Timestamp: 2025-07-02 11:19:57 | Path: [/payment/check_status]
Timestamp: 2025-07-02 11:20:00 | Path: [/payment/check_status]
Timestamp: 2025-07-02 11:20:03 | Path: [/payment/check_status]
Timestamp: 2025-07-02 11:20:06 | Path: [/payment/check_status]
Timestamp: 2025-07-02 11:20:09 | Path: [/payment/check_status]
Timestamp: 2025-07-02 11:20:11 | Path: [/payment/check_status]
Timestamp: 2025-07-02 11:20:12 | Path: [/payment/check_status]
Timestamp: 2025-07-02 11:20:15 | Path: [/payment/check_status]
Timestamp: 2025-07-02 11:20:18 | Path: [/payment/check_status]
Timestamp: 2025-07-02 11:20:21 | Path: [/payment/check_status]
Timestamp: 2025-07-02 11:20:24 | Path: [/payment/check_status]
Timestamp: 2025-07-02 11:20:27 | Path: [/payment/check_status]
Timestamp: 2025-07-02 11:20:30 | Path: [/payment/check_status]
Timestamp: 2025-07-02 11:21:11 | Path: [/payment/check_status]
Timestamp: 2025-07-02 11:21:11 | Path: [/payment/check_status]
Timestamp: 2025-07-02 11:22:11 | Path: [/payment/check_status]
Timestamp: 2025-07-02 11:22:11 | Path: [/payment/check_status]
Timestamp: 2025-07-02 11:22:32 | Path: [/payment/check_status]
Timestamp: 2025-07-02 11:22:32 | Path: [/payment/check_status]
Timestamp: 2025-07-02 11:22:36 | Path: [/payment/check_status]
Timestamp: 2025-07-02 11:22:39 | Path: [/payment/check_status]
Timestamp: 2025-07-02 11:22:42 | Path: [/payment/check_status]
Timestamp: 2025-07-02 11:22:45 | Path: [/payment/check_status]
Timestamp: 2025-07-02 11:22:48 | Path: [/payment/check_status]
Timestamp: 2025-07-02 11:22:51 | Path: [/payment/check_status]
Timestamp: 2025-07-02 11:22:54 | Path: [/payment/check_status]
Timestamp: 2025-07-02 11:22:57 | Path: [/payment/check_status]
Timestamp: 2025-07-02 11:23:00 | Path: [/payment/check_status]
Timestamp: 2025-07-02 11:23:03 | Path: [/payment/check_status]
Timestamp: 2025-07-02 11:23:06 | Path: [/payment/check_status]
Timestamp: 2025-07-02 11:23:09 | Path: [/payment/check_status]
Timestamp: 2025-07-02 11:23:11 | Path: [/payment/check_status]
Timestamp: 2025-07-02 11:23:12 | Path: [/payment/check_status]
Timestamp: 2025-07-02 11:23:15 | Path: [/payment/check_status]
Timestamp: 2025-07-02 11:23:18 | Path: [/payment/check_status]
Timestamp: 2025-07-02 11:23:21 | Path: [/payment/check_status]
Timestamp: 2025-07-02 11:23:24 | Path: [/payment/check_status]
Timestamp: 2025-07-02 11:23:27 | Path: [/payment/check_status]
Timestamp: 2025-07-02 11:23:30 | Path: [/payment/check_status]
Timestamp: 2025-07-02 11:24:02 | Path: [/payment/webhook]
Timestamp: 2025-07-02 11:24:11 | Path: [/payment/check_status]
Timestamp: 2025-07-02 11:24:11 | Path: [/payment/check_status]
Timestamp: 2025-07-02 11:25:11 | Path: [/payment/check_status]
Timestamp: 2025-07-02 11:25:11 | Path: [/payment/check_status]
Timestamp: 2025-07-02 11:26:11 | Path: [/payment/check_status]
Timestamp: 2025-07-02 11:26:11 | Path: [/payment/check_status]
Timestamp: 2025-07-02 11:26:48 | Path: [/payment/webhook]
Timestamp: 2025-07-02 11:27:11 | Path: [/payment/check_status]
Timestamp: 2025-07-02 11:27:11 | Path: [/payment/check_status]
Timestamp: 2025-07-02 11:28:11 | Path: [/payment/check_status]
Timestamp: 2025-07-02 11:28:11 | Path: [/payment/check_status]
Timestamp: 2025-07-02 11:29:11 | Path: [/payment/check_status]
Timestamp: 2025-07-02 11:29:11 | Path: [/payment/check_status]
Timestamp: 2025-07-02 11:29:12 | Path: [/payment/check_status]
Timestamp: 2025-07-02 11:29:15 | Path: [/payment/check_status]
Timestamp: 2025-07-02 11:29:18 | Path: [/payment/check_status]
Timestamp: 2025-07-02 11:29:21 | Path: [/payment/check_status]
Timestamp: 2025-07-02 11:29:24 | Path: [/payment/check_status]
Timestamp: 2025-07-02 11:29:27 | Path: [/payment/check_status]
Timestamp: 2025-07-02 11:29:30 | Path: [/payment/check_status]
Timestamp: 2025-07-02 11:29:33 | Path: [/payment/check_status]
Timestamp: 2025-07-02 11:29:36 | Path: [/payment/check_status]
Timestamp: 2025-07-02 11:29:39 | Path: [/payment/check_status]
Timestamp: 2025-07-02 11:29:42 | Path: [/payment/check_status]
Timestamp: 2025-07-02 11:29:45 | Path: [/payment/check_status]
Timestamp: 2025-07-02 11:29:48 | Path: [/payment/check_status]
Timestamp: 2025-07-02 11:29:51 | Path: [/payment/check_status]
Timestamp: 2025-07-02 11:29:54 | Path: [/payment/check_status]
Timestamp: 2025-07-02 11:29:57 | Path: [/payment/check_status]
Timestamp: 2025-07-02 11:30:00 | Path: [/payment/check_status]
Timestamp: 2025-07-02 11:30:03 | Path: [/payment/check_status]
Timestamp: 2025-07-02 11:30:06 | Path: [/payment/check_status]
Timestamp: 2025-07-02 11:30:09 | Path: [/payment/check_status]
Timestamp: 2025-07-02 11:30:10 | Path: [/payment/webhook]
Timestamp: 2025-07-02 11:30:11 | Path: [/payment/check_status]
Timestamp: 2025-07-02 11:30:12 | Path: [/payment/check_status]
Timestamp: 2025-07-02 11:30:17 | Path: [/payment/check_status]
Timestamp: 2025-07-02 11:30:18 | Path: [/payment/check_status]
Timestamp: 2025-07-02 11:30:21 | Path: [/payment/check_status]
Timestamp: 2025-07-02 11:30:24 | Path: [/payment/check_status]
Timestamp: 2025-07-02 11:30:30 | Path: [/payment/check_status]
Timestamp: 2025-07-02 11:30:32 | Path: [/payment]
Timestamp: 2025-07-02 11:30:32 | Path: [/public/js/main.js]
Timestamp: 2025-07-02 11:30:33 | Path: [/public/js/main.js]
Timestamp: 2025-07-02 11:30:35 | Path: [/payment/check_status]
Timestamp: 2025-07-02 11:30:38 | Path: [/payment/check_status]
Timestamp: 2025-07-02 11:30:41 | Path: [/payment/check_status]
Timestamp: 2025-07-02 11:30:44 | Path: [/payment/check_status]
Timestamp: 2025-07-02 11:30:47 | Path: [/payment/check_status]
Timestamp: 2025-07-02 11:30:48 | Path: [/payment/webhook]
Timestamp: 2025-07-02 11:30:50 | Path: [/payment/check_status]
Timestamp: 2025-07-02 11:30:53 | Path: [/payment/check_status]
Timestamp: 2025-07-02 11:30:56 | Path: [/payment/check_status]
Timestamp: 2025-07-02 11:30:59 | Path: [/payment/check_status]
Timestamp: 2025-07-02 11:31:02 | Path: [/payment/check_status]
Timestamp: 2025-07-02 11:31:05 | Path: [/payment/check_status]
Timestamp: 2025-07-02 11:31:08 | Path: [/payment/check_status]
Timestamp: 2025-07-02 11:31:11 | Path: [/payment/check_status]
Timestamp: 2025-07-02 11:31:11 | Path: [/payment/check_status]
Timestamp: 2025-07-02 11:31:14 | Path: [/payment/check_status]
Timestamp: 2025-07-02 11:31:17 | Path: [/payment/check_status]
Timestamp: 2025-07-02 11:31:20 | Path: [/payment/check_status]
Timestamp: 2025-07-02 11:31:23 | Path: [/payment/check_status]
Timestamp: 2025-07-02 11:31:26 | Path: [/payment/check_status]
Timestamp: 2025-07-02 11:31:29 | Path: [/payment/check_status]
Timestamp: 2025-07-02 11:31:32 | Path: [/payment/check_status]
Timestamp: 2025-07-02 11:31:35 | Path: [/payment/check_status]
Timestamp: 2025-07-02 11:32:11 | Path: [/payment/check_status]
Timestamp: 2025-07-02 11:32:11 | Path: [/payment/check_status]
Timestamp: 2025-07-02 11:33:08 | Path: [/payment/check_status]
Timestamp: 2025-07-02 11:33:11 | Path: [/payment/check_status]
Timestamp: 2025-07-02 11:33:11 | Path: [/payment]
Timestamp: 2025-07-02 11:33:11 | Path: [/payment/check_status]
Timestamp: 2025-07-02 11:33:11 | Path: [/public/js/main.js]
Timestamp: 2025-07-02 11:33:11 | Path: [/public/js/main.js]
Timestamp: 2025-07-02 11:33:14 | Path: [/payment/check_status]
Timestamp: 2025-07-02 11:33:18 | Path: [/payment/check_status]
Timestamp: 2025-07-02 11:33:21 | Path: [/payment/check_status]
Timestamp: 2025-07-02 11:33:24 | Path: [/payment/check_status]
Timestamp: 2025-07-02 11:33:27 | Path: [/payment/check_status]
Timestamp: 2025-07-02 11:33:30 | Path: [/payment/check_status]
Timestamp: 2025-07-02 11:33:33 | Path: [/payment/check_status]
Timestamp: 2025-07-02 11:33:36 | Path: [/payment/check_status]
Timestamp: 2025-07-02 11:33:39 | Path: [/payment/check_status]
Timestamp: 2025-07-02 11:33:42 | Path: [/payment/check_status]
Timestamp: 2025-07-02 11:33:45 | Path: [/payment/check_status]
Timestamp: 2025-07-02 11:33:48 | Path: [/payment/check_status]
Timestamp: 2025-07-02 11:33:50 | Path: [/payment/webhook]
Timestamp: 2025-07-02 11:33:51 | Path: [/payment/check_status]
Timestamp: 2025-07-02 11:33:54 | Path: [/payment/check_status]
Timestamp: 2025-07-02 11:33:57 | Path: [/payment/check_status]
Timestamp: 2025-07-02 11:33:57 | Path: [/payment/webhook]
Timestamp: 2025-07-02 11:34:00 | Path: [/payment/check_status]
Timestamp: 2025-07-02 11:34:01 | Path: [/payment/webhook]
Timestamp: 2025-07-02 11:34:03 | Path: [/payment/check_status]
Timestamp: 2025-07-02 11:34:06 | Path: [/payment/check_status]
Timestamp: 2025-07-02 11:34:09 | Path: [/payment/check_status]
Timestamp: 2025-07-02 11:34:11 | Path: [/payment/check_status]
Timestamp: 2025-07-02 11:34:12 | Path: [/payment/check_status]
Timestamp: 2025-07-02 11:35:11 | Path: [/payment/check_status]
Timestamp: 2025-07-02 11:35:11 | Path: [/payment/check_status]
Timestamp: 2025-07-02 11:35:48 | Path: [/payment/webhook]
Timestamp: 2025-07-02 11:35:52 | Path: [/payment/check_status]
Timestamp: 2025-07-02 11:36:03 | Path: [/payment/check_status]
Timestamp: 2025-07-02 11:36:05 | Path: [/payment/check_status]
Timestamp: 2025-07-02 11:36:09 | Path: [/payment/check_status]
Timestamp: 2025-07-02 11:36:12 | Path: [/payment/check_status]
Timestamp: 2025-07-02 11:36:15 | Path: [/payment/check_status]
Timestamp: 2025-07-02 11:36:18 | Path: [/payment/check_status]
Timestamp: 2025-07-02 11:36:21 | Path: [/payment/check_status]
Timestamp: 2025-07-02 11:36:24 | Path: [/payment/check_status]
Timestamp: 2025-07-02 11:36:27 | Path: [/payment/check_status]
Timestamp: 2025-07-02 11:36:30 | Path: [/payment/check_status]
Timestamp: 2025-07-02 11:36:33 | Path: [/payment/check_status]
Timestamp: 2025-07-02 11:36:36 | Path: [/payment/check_status]
Timestamp: 2025-07-02 11:36:39 | Path: [/payment/check_status]
